  Graph.cpp
C:\Users\Intag\Downloads\Project\Project\List.h(44,17): warning C4018: '<': signed/unsigned mismatch
C:\Users\Intag\Downloads\Project\Project\List.h(54,13): warning C4018: '<': signed/unsigned mismatch
C:\Users\Intag\Downloads\Project\Project\List.h(64,13): warning C4018: '<': signed/unsigned mismatch
C:\Users\Intag\Downloads\Project\Project\List.h(76,21): warning C4018: '<': signed/unsigned mismatch
C:\Users\Intag\Downloads\Project\Project\List.h(89,17): warning C4018: '<': signed/unsigned mismatch
C:\Users\Intag\Downloads\Project\Project\List.h(105,21): warning C4018: '<': signed/unsigned mismatch
C:\Users\Intag\Downloads\Project\Project\List.h(118,17): warning C4018: '<': signed/unsigned mismatch
C:\Users\Intag\Downloads\Project\Project\List.h(132,28): warning C4244: '=': conversion from 'float' to 'int', possible loss of data
C:\Users\Intag\Downloads\Project\Project\List.h(136,12): warning C4244: 'initializing': conversion from 'float' to 'int', possible loss of data
C:\Users\Intag\Downloads\Project\Project\List.h(234,21): warning C4018: '<': signed/unsigned mismatch
C:\Users\Intag\Downloads\Project\Project\List.h(246,17): warning C4018: '<': signed/unsigned mismatch
C:\Users\Intag\Downloads\Project\Project\List.h(258,21): warning C4018: '<': signed/unsigned mismatch
C:\Users\Intag\Downloads\Project\Project\List.h(270,17): warning C4018: '<': signed/unsigned mismatch
C:\Users\Intag\Downloads\Project\Project\Graph.h(229,15): warning C4018: '<': signed/unsigned mismatch
  Project.cpp
C:\Users\Intag\Downloads\Project\Project\Graph.h(244,22): warning C4018: '<': signed/unsigned mismatch
C:\Users\Intag\Downloads\Project\Project\List.h(44,17): warning C4018: '<': signed/unsigned mismatch
C:\Users\Intag\Downloads\Project\Project\List.h(54,13): warning C4018: '<': signed/unsigned mismatch
C:\Users\Intag\Downloads\Project\Project\List.h(64,13): warning C4018: '<': signed/unsigned mismatch
C:\Users\Intag\Downloads\Project\Project\List.h(76,21): warning C4018: '<': signed/unsigned mismatch
C:\Users\Intag\Downloads\Project\Project\List.h(89,17): warning C4018: '<': signed/unsigned mismatch
C:\Users\Intag\Downloads\Project\Project\List.h(105,21): warning C4018: '<': signed/unsigned mismatch
C:\Users\Intag\Downloads\Project\Project\List.h(118,17): warning C4018: '<': signed/unsigned mismatch
C:\Users\Intag\Downloads\Project\Project\List.h(132,28): warning C4244: '=': conversion from 'float' to 'int', possible loss of data
C:\Users\Intag\Downloads\Project\Project\List.h(136,12): warning C4244: 'initializing': conversion from 'float' to 'int', possible loss of data
C:\Users\Intag\Downloads\Project\Project\List.h(234,21): warning C4018: '<': signed/unsigned mismatch
C:\Users\Intag\Downloads\Project\Project\List.h(246,17): warning C4018: '<': signed/unsigned mismatch
C:\Users\Intag\Downloads\Project\Project\List.h(258,21): warning C4018: '<': signed/unsigned mismatch
C:\Users\Intag\Downloads\Project\Project\List.h(270,17): warning C4018: '<': signed/unsigned mismatch
C:\Users\Intag\Downloads\Project\Project\Graph.h(229,15): warning C4018: '<': signed/unsigned mismatch
  Generating Code...
C:\Users\Intag\Downloads\Project\Project\Graph.h(244,22): warning C4018: '<': signed/unsigned mismatch
C:\Users\Intag\Downloads\Project\Project\vector.h(173): warning C4715: 'vector<std::basic_string<char,std::char_traits<char>,std::allocator<char> > >::operator[]': not all control paths return a value
C:\Users\Intag\Downloads\Project\Project\Graph.h(405): warning C4715: 'Graph::CityToNumber': not all control paths return a value
C:\Users\Intag\Downloads\Project\Project\vector.h(173): warning C4715: 'vector<int>::operator[]': not all control paths return a value
  Project.vcxproj -> C:\Users\Intag\Downloads\Project\Debug\Project.exe
